[debug] [2019-09-28T14:37:13.032Z] ----------------------------------------------------------------------
[debug] [2019-09-28T14:37:13.035Z] Command:       /usr/bin/node /usr/local/bin/firebase deploy --only hosting:bootcamp-2809
[debug] [2019-09-28T14:37:13.035Z] CLI Version:   7.4.0
[debug] [2019-09-28T14:37:13.035Z] Platform:      linux
[debug] [2019-09-28T14:37:13.035Z] Node Version:  v8.10.0
[debug] [2019-09-28T14:37:13.035Z] Time:          Sat Sep 28 2019 16:37:13 GMT+0200 (CEST)
[debug] [2019-09-28T14:37:13.035Z] ----------------------------------------------------------------------
[debug] 
[debug] [2019-09-28T14:37:13.045Z] > command requires scopes: ["email","openid","https://www.googleapis.com/auth/cloudplatformprojects.readonly","https://www.googleapis.com/auth/firebase","https://www.googleapis.com/auth/cloud-platform"]
[debug] [2019-09-28T14:37:13.046Z] > authorizing via signed-in user
[debug] [2019-09-28T14:37:13.046Z] [iam] checking project bootcamp-40d56 for permissions ["firebase.projects.get","firebasehosting.sites.update"]
[debug] [2019-09-28T14:37:13.049Z] >>> HTTP REQUEST POST https://cloudresourcemanager.googleapis.com/v1/projects/bootcamp-40d56:testIamPermissions  

[debug] [2019-09-28T14:37:13.848Z] <<< HTTP RESPONSE 200
[debug] [2019-09-28T14:37:13.854Z] >>> HTTP REQUEST GET https://firebase.googleapis.com/v1beta1/projects/bootcamp-40d56  
 
[debug] [2019-09-28T14:37:14.090Z] <<< HTTP RESPONSE 200
[info] 
[info] === Deploying to 'bootcamp-40d56'...
[info] 
[info] i  deploying hosting
[info] 
[info] ✔  Deploy complete!
[info] 
[info] Project Console: https://console.firebase.google.com/project/bootcamp-40d56/overview
[debug] [2019-09-28T14:37:14.108Z] TypeError: Cannot read property 'deploys' of undefined
    at /usr/local/lib/node_modules/firebase-tools/lib/deploy/index.js:84:36
    at <anonymous>
    at process._tickDomainCallback (internal/process/next_tick.js:228:7)
[error] 
[error] Error: An unexpected error has occurred.
